Building DAG of jobs...
Using shell: /usr/bin/bash
Provided cores: 2
Rules claiming more threads will be scaled down.
Job stats:
job               count    min threads    max threads
--------------  -------  -------------  -------------
alignment             1              1              1
all                   1              1              1
annotate_gene         2              1              1
bamfilter             1              1              1
lofreq                1              1              1
samtools_index        1              1              1
total                 7              1              1

Select jobs to execute...

[Wed Jul 13 10:07:13 2022]
rule annotate_gene:
    input: output/test_data/Escherichia_coli_iai39.filt.lofreq.vcf
    output: output/test_data/Escherichia_coli_iai39.filt.lofreq.annotated.vcf
    jobid: 1
    wildcards: sample=test_data, species=Escherichia_coli_iai39, mapper=lofreq
    resources: tmpdir=/tmp

RuleException in line 126 of /mnt/volume1/pipeline/Snakefile:
NameError: The name 'sample' is unknown in this context. Did you mean 'wildcards.sample'?
Building DAG of jobs...
Using shell: /usr/bin/bash
Provided cores: 2
Rules claiming more threads will be scaled down.
Job stats:
job               count    min threads    max threads
--------------  -------  -------------  -------------
alignment             1              1              1
all                   1              1              1
annotate_gene         2              1              1
bamfilter             1              1              1
lofreq                1              1              1
samtools_index        1              1              1
total                 7              1              1

Select jobs to execute...

[Wed Jul 13 10:10:14 2022]
rule annotate_gene:
    input: output/test_data/Escherichia_coli_iai39.filt.lofreq.vcf
    output: output/test_data/Escherichia_coli_iai39.filt.lofreq.annotated.vcf
    jobid: 1
    wildcards: sample=test_data, species=Escherichia_coli_iai39, mapper=lofreq
    resources: tmpdir=/tmp

Activating conda environment: /mnt/volume1/pipeline/.snakemake/conda/37a5577c99baeab40375686f0e131fa2

[Wed Jul 13 10:10:14 2022]
rule alignment:
    input: ../cpe/MBH082/merge_MBH082_R1.fastq.gz, ../cpe/MBH082/merge_MBH082_R2.fastq.gz, refs/Escherichia_coli_iai39.fasta, refs/Escherichia_coli_iai39.fasta.1.bt2, refs/Escherichia_coli_iai39.fasta.2.bt2, refs/Escherichia_coli_iai39.fasta.3.bt2, refs/Escherichia_coli_iai39.fasta.4.bt2, refs/Escherichia_coli_iai39.fasta.rev.1.bt2, refs/Escherichia_coli_iai39.fasta.rev.2.bt2
    output: output/MBH082/Escherichia_coli_iai39.bam
    jobid: 10
    wildcards: sample=MBH082, species=Escherichia_coli_iai39
    resources: tmpdir=/tmp

Activating conda environment: /mnt/volume1/pipeline/.snakemake/conda/37a5577c99baeab40375686f0e131fa2
[Wed Jul 13 10:10:50 2022]
Finished job 1.
1 of 7 steps (14%) done
