Building DAG of jobs...
Using shell: /usr/bin/bash
Provided cores: 1 (use --cores to define parallelism)
Rules claiming more threads will be scaled down.
Job stats:
job                 count    min threads    max threads
----------------  -------  -------------  -------------
sample_alignment        1              1              1
total                   1              1              1

Select jobs to execute...

[Thu Jul  7 09:43:22 2022]
rule sample_alignment:
    input: /mnt/volume1/cpe/MBH040/merge_MBH040_R1.fastq.gz, /mnt/volume1/cpe/MBH040/merge_MBH040_R2.fastq.gz, /mnt/volume1/ref/E_coli_ref.fna
    output: /mnt/volume1/cpe/MBH040/ec.bam
    jobid: 0
    wildcards: sample=MBH040
    resources: tmpdir=/tmp

[Thu Jul  7 09:55:10 2022]
Finished job 0.
1 of 1 steps (100%) done
Complete log: /mnt/volume1/pipeline/.snakemake/log/2022-07-07T094322.662962.snakemake.log
